<?xml version="1.0" encoding="utf-8"?>
<shfbBuild product="Sandcastle Help File Builder and Tools" version="2016.4.9.0" projectFile="D:\Data\Documents\AAU\MidiGremlin\doc\MIDI Gremlin.shfbproj" started="29/04/2016 09:56:36">
<buildStep step="Initializing">
Finding tools...
The Sandcastle tools are located in &#39;D:\Program Files (x86)\EWSoftware\Sandcastle Help File Builder\&#39;
Locating components in the following folder(s):
    D:\Data\Documents\AAU\MidiGremlin\doc
    C:\ProgramData\EWSoftware\Sandcastle Help File Builder\Components and Plug-Ins\
    D:\Program Files (x86)\EWSoftware\Sandcastle Help File Builder\
Using framework reflection data for &#39;.NET Framework 4.5&#39; located in &#39;D:\Program Files (x86)\EWSoftware\Sandcastle Help File Builder\Data\.NETFramework&#39;
Using presentation style &#39;VS2013&#39; located in &#39;D:\Program Files (x86)\EWSoftware\Sandcastle Help File Builder\PresentationStyles\VS2013&#39;
Loading and initializing plug-ins...
Lightweight Website Style Version 2016.4.9.0
Copyright &#169; 2006-2016, Eric Woodruff, All Rights Reserved
Portions Copyright &#169; 2014, Sam Harwell, All Rights Reserved
-------------------------------
Clearing any prior web/markdown output...
</buildStep>
<buildStep step="ValidatingDocumentationSources">
Validating and copying documentation source information
Source: D:\Data\Documents\AAU\MidiGremlin\src\MidiGremlin\MidiGremlin.csproj
    Found project &#39;D:\Data\Documents\AAU\MidiGremlin\src\MidiGremlin\MidiGremlin.csproj&#39;

Parsing project files
    Found assembly &#39;D:\Data\Documents\AAU\MidiGremlin\src\MidiGremlin\bin\Debug\MidiGremlin.dll&#39;
SHFB: Warning BE0007: A project with a different or higher framework version was found.  Changing project FrameworkVersion property from &#39;.NET Framework 4.5&#39; to &#39;.NET Framework 4.5.2&#39; for the build.

References to include (excluding framework assemblies):
    nunit.framework, Version=3.0.5813.39031, Culture=neutral, PublicKeyToken=2638cd05610744eb, processorArchitecture=MSIL

Copying XML comments files
    D:\Data\Documents\AAU\MidiGremlin\src\MidiGremlin\bin\Debug\MidiGremlin.XML -&gt; D:\Data\Documents\AAU\MidiGremlin\Documentation\Working\MidiGremlin.XML
</buildStep>
<buildStep step="GenerateSharedContent">
Generating shared content files (en-US, English (United States))...
<plugIn name="Lightweight Website Style" behavior="After" priority="1000">
</plugIn>    Last step completed in 00:00:00.0140
</buildStep>
<buildStep step="GenerateApiFilter">
Generating API filter for MRefBuilder...
    Last step completed in 00:00:00.0010
</buildStep>
<buildStep step="GenerateReflectionInfo">
Generating reflection information...
[C:\Windows\Microsoft.NET\Framework64\v4.0.30319\MSBuild.exe - GenerateRefInfo.proj]
Build started 29/04/2016 09:56:37.
The target &quot;_ConvertPdbFiles&quot; listed in a BeforeTargets attribute at &quot;C:\Program Files (x86)\MSBuild\4.0\Microsoft.Common.targets\ImportAfter\Xamarin.Common.targets (34,37)&quot; does not exist in the project, and will be ignored.
The target &quot;_CollectPdbFiles&quot; listed in an AfterTargets attribute at &quot;C:\Program Files (x86)\MSBuild\4.0\Microsoft.Common.targets\ImportAfter\Xamarin.Common.targets (34,70)&quot; does not exist in the project, and will be ignored.
The target &quot;_CollectMdbFiles&quot; listed in a BeforeTargets attribute at &quot;C:\Program Files (x86)\MSBuild\4.0\Microsoft.Common.targets\ImportAfter\Xamarin.Common.targets (40,38)&quot; does not exist in the project, and will be ignored.
The target &quot;_CopyMdbFiles&quot; listed in an AfterTargets attribute at &quot;C:\Program Files (x86)\MSBuild\4.0\Microsoft.Common.targets\ImportAfter\Xamarin.Common.targets (40,71)&quot; does not exist in the project, and will be ignored.
Project &quot;D:\Data\Documents\AAU\MidiGremlin\Documentation\Working\GenerateRefInfo.proj&quot; on node 1 (default targets).
PrepareForBuild:
  Creating directory &quot;obj\Debug\&quot;.
GenerateRefInfo:
  MRefBuilder (v2016.4.9.0)
  Copyright &#184; 2006-2016, Microsoft Corporation, All Rights Reserved.
  Portions Copyright &#184; 2006-2016, Eric Woodruff, All Rights Reserved.
  Loaded 1 assemblies for reflection and 2 dependency assemblies.
  Wrote information on 4 namespaces, 20 types, and 142 members
  Copying file from &quot;reflection.org&quot; to &quot;reflection.all&quot;.
  XslTransform (v2016.4.9.0)
  Copyright &#184; 2006-2016, Microsoft Corporation, All Rights Reserved.
  Portions Copyright &#184; 2006-2016, Eric Woodruff, All Rights Reserved.
  Applying XSL transformation &#39;D:\Program Files (x86)\EWSoftware\Sandcastle Help File Builder\ProductionTransforms\MergeDuplicates.xsl&#39;.
Done Building Project &quot;D:\Data\Documents\AAU\MidiGremlin\Documentation\Working\GenerateRefInfo.proj&quot; (default targets).

Build succeeded.

Time Elapsed 00:00:01.20
    Last step completed in 00:00:01.3864
</buildStep>
<buildStep step="TransformReflectionInfo">
Transforming reflection output...
[C:\Windows\Microsoft.NET\Framework64\v4.0.30319\MSBuild.exe - TransformManifest.proj]
Build started 29/04/2016 09:56:38.
Project &quot;D:\Data\Documents\AAU\MidiGremlin\Documentation\Working\TransformManifest.proj&quot; on node 1 (default targets).
TransformManifest:
  XslTransform (v2016.4.9.0)
  Copyright &#184; 2006-2016, Microsoft Corporation, All Rights Reserved.
  Portions Copyright &#184; 2006-2016, Eric Woodruff, All Rights Reserved.
  Applying XSL transformation &#39;D:\Program Files (x86)\EWSoftware\Sandcastle Help File Builder\\ProductionTransforms\ApplyVSDocModel.xsl&#39;.
  Copying file from &quot;reflection.xml&quot; to &quot;reflection.nofilenames&quot;.
  XslTransform (v2016.4.9.0)
  Copyright &#184; 2006-2016, Microsoft Corporation, All Rights Reserved.
  Portions Copyright &#184; 2006-2016, Eric Woodruff, All Rights Reserved.
  Applying XSL transformation &#39;D:\Program Files (x86)\EWSoftware\Sandcastle Help File Builder\ProductionTransforms\AddFilenames.xsl&#39;.
  XslTransform (v2016.4.9.0)
  Copyright &#184; 2006-2016, Microsoft Corporation, All Rights Reserved.
  Portions Copyright &#184; 2006-2016, Eric Woodruff, All Rights Reserved.
  Applying XSL transformation &#39;D:\Program Files (x86)\EWSoftware\Sandcastle Help File Builder\ProductionTransforms\ReflectionToManifest.xsl&#39;.
Done Building Project &quot;D:\Data\Documents\AAU\MidiGremlin\Documentation\Working\TransformManifest.proj&quot; (default targets).

Build succeeded.

Time Elapsed 00:00:00.54
    Last step completed in 00:00:00.7017
</buildStep>
<buildStep step="GenerateNamespaceSummaries">
Generating namespace summary information...
    Last step completed in 00:00:00.0205
</buildStep>
<buildStep step="CopyAdditionalContent">
Copying additional content files...
D:\Data\Documents\AAU\MidiGremlin\doc\icons\Gremlin.png -&gt; D:\Data\Documents\AAU\MidiGremlin\Documentation\Working\Output\Website\icons\Gremlin.png
    Last step completed in 00:00:00.0030
</buildStep>
<buildStep step="MergeTablesOfContents">
Merging conceptual and additional tables of contents...
    Last step completed in 00:00:00.0000
</buildStep>
<buildStep step="GenerateIntermediateTableOfContents">
Generating intermediate table of contents file...
[C:\Windows\Microsoft.NET\Framework64\v4.0.30319\MSBuild.exe - GenerateIntermediateTOC.proj]
Build started 29/04/2016 09:56:39.
Project &quot;D:\Data\Documents\AAU\MidiGremlin\Documentation\Working\GenerateIntermediateTOC.proj&quot; on node 1 (default targets).
GenerateIntermediateTOC:
  XslTransform (v2016.4.9.0)
  Copyright &#184; 2006-2016, Microsoft Corporation, All Rights Reserved.
  Portions Copyright &#184; 2006-2016, Eric Woodruff, All Rights Reserved.
  Applying XSL transformation &#39;D:\Program Files (x86)\EWSoftware\Sandcastle Help File Builder\\ProductionTransforms\CreateVSToc.xsl&#39;.
Done Building Project &quot;D:\Data\Documents\AAU\MidiGremlin\Documentation\Working\GenerateIntermediateTOC.proj&quot; (default targets).

Build succeeded.

Time Elapsed 00:00:00.14
Generating conceptual content intermediate TOC file...
    Last step completed in 00:00:00.3242
</buildStep>
<buildStep step="CreateBuildAssemblerConfigs">
Creating Sandcastle configuration files...
    sandcastle.config
    Last step completed in 00:00:00.3563
</buildStep>
<buildStep step="MergeCustomConfigs">
Merging custom build component configurations
D:\Data\Documents\AAU\MidiGremlin\Documentation\Working\sandcastle.config
  Updating reference topic configurations.
  No conceptual content.  Removing conceptual content components.
    Last step completed in 00:00:00.0160
</buildStep>
<buildStep step="BuildTopics">
Building help topics...
[C:\Windows\Microsoft.NET\Framework64\v4.0.30319\MSBuild.exe - BuildTopics.proj]
Build started 29/04/2016 09:56:39.
Project &quot;D:\Data\Documents\AAU\MidiGremlin\Documentation\Working\BuildTopics.proj&quot; on node 1 (default targets).
BuildTopics:
  BuildAssembler (v2016.4.9.0)
  Copyright &#184; 2006-2016, Microsoft Corporation, All Rights Reserved.
  Portions Copyright &#184; 2006-2016, Eric Woodruff, All Rights Reserved.
  Loading configuration...
  Processing topics...
BuildAssembler : warning : ShowMissingComponent: [P:MidiGremlin.ChordVariety.Major] Missing &lt;summary&gt; documentation [D:\Data\Documents\AAU\MidiGremlin\Documentation\Working\BuildTopics.proj]
BuildAssembler : warning : ShowMissingComponent: [P:MidiGremlin.IMidiOut.BeatsPerMinute] Missing &lt;summary&gt; documentation [D:\Data\Documents\AAU\MidiGremlin\Documentation\Working\BuildTopics.proj]
BuildAssembler : warning : ShowMissingComponent: [M:MidiGremlin.IMidiOut.SetSource(MidiGremlin.Internal.BeatScheduler)] Missing &lt;summary&gt; documentation [D:\Data\Documents\AAU\MidiGremlin\Documentation\Working\BuildTopics.proj]
BuildAssembler : warning : ShowMissingComponent: [M:MidiGremlin.IMidiOut.SetSource(MidiGremlin.Internal.BeatScheduler)] Missing &lt;param name=&quot;source&quot;/&gt; documentation [D:\Data\Documents\AAU\MidiGremlin\Documentation\Working\BuildTopics.proj]
BuildAssembler : warning : ShowMissingComponent: [M:MidiGremlin.NoteNotFoundException.#ctor(MidiGremlin.Tone)] Missing &lt;param name=&quot;tone&quot;/&gt; documentation [D:\Data\Documents\AAU\MidiGremlin\Documentation\Working\BuildTopics.proj]
BuildAssembler : warning : ShowMissingComponent: [P:MidiGremlin.NoteNotFoundException.Tone] Missing &lt;summary&gt; documentation [D:\Data\Documents\AAU\MidiGremlin\Documentation\Working\BuildTopics.proj]
BuildAssembler : warning : ShowMissingComponent: [M:MidiGremlin.Orchestra.#ctor(MidiGremlin.IMidiOut)] Missing &lt;param name=&quot;output&quot;/&gt; documentation [D:\Data\Documents\AAU\MidiGremlin\Documentation\Working\BuildTopics.proj]
BuildAssembler : warning : ShowMissingComponent: [M:MidiGremlin.Orchestra.AddInstrument(MidiGremlin.InstrumentType,MidiGremlin.Scale,System.Int32)] Missing &lt;returns&gt; documentation [D:\Data\Documents\AAU\MidiGremlin\Documentation\Working\BuildTopics.proj]
BuildAssembler : warning : ShowMissingComponent: [M:MidiGremlin.ParallelMusicCollection.Contains(MidiGremlin.MusicObject)] Missing &lt;returns&gt; documentation [D:\Data\Documents\AAU\MidiGremlin\Documentation\Working\BuildTopics.proj]
BuildAssembler : warning : ShowMissingComponent: [P:MidiGremlin.Scale.Count] Missing &lt;summary&gt; documentation [D:\Data\Documents\AAU\MidiGremlin\Documentation\Working\BuildTopics.proj]
BuildAssembler : warning : ShowMissingComponent: [M:MidiGremlin.SequentialMusicCollection.Contains(MidiGremlin.MusicObject)] Missing &lt;returns&gt; documentation [D:\Data\Documents\AAU\MidiGremlin\Documentation\Working\BuildTopics.proj]
BuildAssembler : warning : ShowMissingComponent: [M:MidiGremlin.SequentialMusicCollection.GetEnumerator] Missing &lt;returns&gt; documentation [D:\Data\Documents\AAU\MidiGremlin\Documentation\Working\BuildTopics.proj]
BuildAssembler : warning : ShowMissingComponent: [P:MidiGremlin.WinmmOut.DeviceID] Missing &lt;summary&gt; documentation [D:\Data\Documents\AAU\MidiGremlin\Documentation\Working\BuildTopics.proj]
BuildAssembler : warning : ShowMissingComponent: [N:MidiGremlin.Helpers] Missing &lt;summary&gt; documentation [D:\Data\Documents\AAU\MidiGremlin\Documentation\Working\BuildTopics.proj]
BuildAssembler : warning : ShowMissingComponent: [T:MidiGremlin.Helpers.SequentialHelper] Missing &lt;summary&gt; documentation [D:\Data\Documents\AAU\MidiGremlin\Documentation\Working\BuildTopics.proj]
BuildAssembler : warning : ShowMissingComponent: [M:MidiGremlin.Helpers.SequentialHelper.Any(MidiGremlin.MusicObject)] Missing &lt;summary&gt; documentation [D:\Data\Documents\AAU\MidiGremlin\Documentation\Working\BuildTopics.proj]
BuildAssembler : warning : ShowMissingComponent: [M:MidiGremlin.Helpers.SequentialHelper.Any(MidiGremlin.MusicObject)] Missing &lt;returns&gt; documentation [D:\Data\Documents\AAU\MidiGremlin\Documentation\Working\BuildTopics.proj]
BuildAssembler : warning : ShowMissingComponent: [M:MidiGremlin.Helpers.SequentialHelper.Any(MidiGremlin.MusicObject)] Missing &lt;param name=&quot;any&quot;/&gt; documentation [D:\Data\Documents\AAU\MidiGremlin\Documentation\Working\BuildTopics.proj]
BuildAssembler : warning : ShowMissingComponent: [M:MidiGremlin.Helpers.SequentialHelper.Build] Missing &lt;summary&gt; documentation [D:\Data\Documents\AAU\MidiGremlin\Documentation\Working\BuildTopics.proj]
BuildAssembler : warning : ShowMissingComponent: [M:MidiGremlin.Helpers.SequentialHelper.Build] Missing &lt;returns&gt; documentation [D:\Data\Documents\AAU\MidiGremlin\Documentation\Working\BuildTopics.proj]
BuildAssembler : warning : ShowMissingComponent: [M:MidiGremlin.Helpers.SequentialHelper.Solo(MidiGremlin.Note)] Missing &lt;summary&gt; documentation [D:\Data\Documents\AAU\MidiGremlin\Documentation\Working\BuildTopics.proj]
BuildAssembler : warning : ShowMissingComponent: [M:MidiGremlin.Helpers.SequentialHelper.Solo(MidiGremlin.Note)] Missing &lt;returns&gt; documentation [D:\Data\Documents\AAU\MidiGremlin\Documentation\Working\BuildTopics.proj]
BuildAssembler : warning : ShowMissingComponent: [M:MidiGremlin.Helpers.SequentialHelper.Solo(MidiGremlin.Note)] Missing &lt;param name=&quot;note&quot;/&gt; documentation [D:\Data\Documents\AAU\MidiGremlin\Documentation\Working\BuildTopics.proj]
BuildAssembler : warning : ShowMissingComponent: [N:MidiGremlin.Internal] Missing &lt;summary&gt; documentation [D:\Data\Documents\AAU\MidiGremlin\Documentation\Working\BuildTopics.proj]
BuildAssembler : warning : ShowMissingComponent: [T:MidiGremlin.Internal.SimpleMidiMessage] Missing &lt;summary&gt; documentation [D:\Data\Documents\AAU\MidiGremlin\Documentation\Working\BuildTopics.proj]
BuildAssembler : warning : ShowMissingComponent: [M:MidiGremlin.Internal.SimpleMidiMessage.#ctor(System.Int32,System.Double)] Missing &lt;param name=&quot;data&quot;/&gt; documentation [D:\Data\Documents\AAU\MidiGremlin\Documentation\Working\BuildTopics.proj]
BuildAssembler : warning : ShowMissingComponent: [M:MidiGremlin.Internal.SimpleMidiMessage.#ctor(System.Int32,System.Double)] Missing &lt;param name=&quot;timestamp&quot;/&gt; documentation [D:\Data\Documents\AAU\MidiGremlin\Documentation\Working\BuildTopics.proj]
BuildAssembler : warning : ShowMissingComponent: [F:MidiGremlin.Internal.SimpleMidiMessage.Data] Missing &lt;summary&gt; documentation [D:\Data\Documents\AAU\MidiGremlin\Documentation\Working\BuildTopics.proj]
BuildAssembler : warning : ShowMissingComponent: [M:MidiGremlin.Internal.SimpleMidiMessage.Equals(MidiGremlin.Internal.SimpleMidiMessage)] Missing &lt;summary&gt; documentation [D:\Data\Documents\AAU\MidiGremlin\Documentation\Working\BuildTopics.proj]
BuildAssembler : warning : ShowMissingComponent: [M:MidiGremlin.Internal.SimpleMidiMessage.Equals(MidiGremlin.Internal.SimpleMidiMessage)] Missing &lt;returns&gt; documentation [D:\Data\Documents\AAU\MidiGremlin\Documentation\Working\BuildTopics.proj]
BuildAssembler : warning : ShowMissingComponent: [M:MidiGremlin.Internal.SimpleMidiMessage.Equals(MidiGremlin.Internal.SimpleMidiMessage)] Missing &lt;param name=&quot;other&quot;/&gt; documentation [D:\Data\Documents\AAU\MidiGremlin\Documentation\Working\BuildTopics.proj]
BuildAssembler : warning : ShowMissingComponent: [M:MidiGremlin.Internal.SimpleMidiMessage.op_Equality(MidiGremlin.Internal.SimpleMidiMessage,MidiGremlin.Internal.SimpleMidiMessage)] Missing &lt;summary&gt; documentation [D:\Data\Documents\AAU\MidiGremlin\Documentation\Working\BuildTopics.proj]
BuildAssembler : warning : ShowMissingComponent: [M:MidiGremlin.Internal.SimpleMidiMessage.op_Equality(MidiGremlin.Internal.SimpleMidiMessage,MidiGremlin.Internal.SimpleMidiMessage)] Missing &lt;returns&gt; documentation [D:\Data\Documents\AAU\MidiGremlin\Documentation\Working\BuildTopics.proj]
BuildAssembler : warning : ShowMissingComponent: [M:MidiGremlin.Internal.SimpleMidiMessage.op_Equality(MidiGremlin.Internal.SimpleMidiMessage,MidiGremlin.Internal.SimpleMidiMessage)] Missing &lt;param name=&quot;lhs&quot;/&gt; documentation [D:\Data\Documents\AAU\MidiGremlin\Documentation\Working\BuildTopics.proj]
BuildAssembler : warning : ShowMissingComponent: [M:MidiGremlin.Internal.SimpleMidiMessage.op_Equality(MidiGremlin.Internal.SimpleMidiMessage,MidiGremlin.Internal.SimpleMidiMessage)] Missing &lt;param name=&quot;rhs&quot;/&gt; documentation [D:\Data\Documents\AAU\MidiGremlin\Documentation\Working\BuildTopics.proj]
BuildAssembler : warning : ShowMissingComponent: [M:MidiGremlin.Internal.SimpleMidiMessage.op_Inequality(MidiGremlin.Internal.SimpleMidiMessage,MidiGremlin.Internal.SimpleMidiMessage)] Missing &lt;summary&gt; documentation [D:\Data\Documents\AAU\MidiGremlin\Documentation\Working\BuildTopics.proj]
BuildAssembler : warning : ShowMissingComponent: [M:MidiGremlin.Internal.SimpleMidiMessage.op_Inequality(MidiGremlin.Internal.SimpleMidiMessage,MidiGremlin.Internal.SimpleMidiMessage)] Missing &lt;returns&gt; documentation [D:\Data\Documents\AAU\MidiGremlin\Documentation\Working\BuildTopics.proj]
BuildAssembler : warning : ShowMissingComponent: [M:MidiGremlin.Internal.SimpleMidiMessage.op_Inequality(MidiGremlin.Internal.SimpleMidiMessage,MidiGremlin.Internal.SimpleMidiMessage)] Missing &lt;param name=&quot;lhs&quot;/&gt; documentation [D:\Data\Documents\AAU\MidiGremlin\Documentation\Working\BuildTopics.proj]
BuildAssembler : warning : ShowMissingComponent: [M:MidiGremlin.Internal.SimpleMidiMessage.op_Inequality(MidiGremlin.Internal.SimpleMidiMessage,MidiGremlin.Internal.SimpleMidiMessage)] Missing &lt;param name=&quot;rhs&quot;/&gt; documentation [D:\Data\Documents\AAU\MidiGremlin\Documentation\Working\BuildTopics.proj]
BuildAssembler : warning : ShowMissingComponent: [F:MidiGremlin.Internal.SimpleMidiMessage.Timestamp] Missing &lt;summary&gt; documentation [D:\Data\Documents\AAU\MidiGremlin\Documentation\Working\BuildTopics.proj]
BuildAssembler : warning : ShowMissingComponent: [N:MidiGremlin.Internal.Windows_Multi_Media] Missing &lt;summary&gt; documentation [D:\Data\Documents\AAU\MidiGremlin\Documentation\Working\BuildTopics.proj]
  Processed 169 topic(s)
  41 warning(s)
  CopyFromIndexComponent: &quot;reflection&quot; in-memory cache entries used: 4 of 15.
  CopyFromIndexComponent: &quot;comments&quot; in-memory cache entries used: 3 of 30.
  SaveComponent: Waiting for the document writer task to finish (66 Website API file(s) remaining)...
Done Building Project &quot;D:\Data\Documents\AAU\MidiGremlin\Documentation\Working\BuildTopics.proj&quot; (default targets).

Build succeeded.

Time Elapsed 00:00:10.84
    Last step completed in 00:00:11.0768
</buildStep>
<buildStep step="CombiningIntermediateTocFiles">
Combining conceptual and API intermediate TOC files...
    Last step completed in 00:00:00.0020
</buildStep>
<buildStep step="ExtractingHtmlInfo">
Extracting HTML info for HTML Help 1 and/or website...
[C:\Windows\Microsoft.NET\Framework64\v4.0.30319\MSBuild.exe - ExtractHtmlInfo.proj]
Sandcastle Help File Builder and Tools, version 2016.4.9.0
Copyright &#184; 2006-2016, Eric Woodruff, All Rights Reserved
E-Mail: Eric@EWoodruff.us

Using LCID &#39;1033&#39;, code page &#39;65001&#39;, encoding charset &#39;UTF-8&#39;.

Processing website files in D:\Data\Documents\AAU\MidiGremlin\Documentation\Working\Output\Website
Processed 169 HTML files
Sorting keywords and generating See Also indices
Saving website keyword index to D:\Data\Documents\AAU\MidiGremlin\Documentation\Working\WebKI.xml
Saving website table of contents to D:\Data\Documents\AAU\MidiGremlin\Documentation\Working\WebTOC.xml
    Last step completed in 00:00:01.3551
</buildStep>
<buildStep step="CopyStandardHelpContent">
Copying standard help content...
D:\Program Files (x86)\EWSoftware\Sandcastle Help File Builder\PresentationStyles\VS2013\icons\AlertCaution.png -&gt; D:\Data\Documents\AAU\MidiGremlin\Documentation\Working\Output\Website\icons\AlertCaution.png
D:\Program Files (x86)\EWSoftware\Sandcastle Help File Builder\PresentationStyles\VS2013\icons\AlertNote.png -&gt; D:\Data\Documents\AAU\MidiGremlin\Documentation\Working\Output\Website\icons\AlertNote.png
D:\Program Files (x86)\EWSoftware\Sandcastle Help File Builder\PresentationStyles\VS2013\icons\AlertSecurity.png -&gt; D:\Data\Documents\AAU\MidiGremlin\Documentation\Working\Output\Website\icons\AlertSecurity.png
D:\Program Files (x86)\EWSoftware\Sandcastle Help File Builder\PresentationStyles\VS2013\icons\CFW.gif -&gt; D:\Data\Documents\AAU\MidiGremlin\Documentation\Working\Output\Website\icons\CFW.gif
D:\Program Files (x86)\EWSoftware\Sandcastle Help File Builder\PresentationStyles\VS2013\icons\CodeExample.png -&gt; D:\Data\Documents\AAU\MidiGremlin\Documentation\Working\Output\Website\icons\CodeExample.png
D:\Program Files (x86)\EWSoftware\Sandcastle Help File Builder\PresentationStyles\VS2013\icons\favicon.ico -&gt; D:\Data\Documents\AAU\MidiGremlin\Documentation\Working\Output\Website\icons\favicon.ico
D:\Program Files (x86)\EWSoftware\Sandcastle Help File Builder\PresentationStyles\VS2013\icons\privclass.gif -&gt; D:\Data\Documents\AAU\MidiGremlin\Documentation\Working\Output\Website\icons\privclass.gif
D:\Program Files (x86)\EWSoftware\Sandcastle Help File Builder\PresentationStyles\VS2013\icons\privdelegate.gif -&gt; D:\Data\Documents\AAU\MidiGremlin\Documentation\Working\Output\Website\icons\privdelegate.gif
D:\Program Files (x86)\EWSoftware\Sandcastle Help File Builder\PresentationStyles\VS2013\icons\privenumeration.gif -&gt; D:\Data\Documents\AAU\MidiGremlin\Documentation\Working\Output\Website\icons\privenumeration.gif
D:\Program Files (x86)\EWSoftware\Sandcastle Help File Builder\PresentationStyles\VS2013\icons\privevent.gif -&gt; D:\Data\Documents\AAU\MidiGremlin\Documentation\Working\Output\Website\icons\privevent.gif
D:\Program Files (x86)\EWSoftware\Sandcastle Help File Builder\PresentationStyles\VS2013\icons\privextension.gif -&gt; D:\Data\Documents\AAU\MidiGremlin\Documentation\Working\Output\Website\icons\privextension.gif
D:\Program Files (x86)\EWSoftware\Sandcastle Help File Builder\PresentationStyles\VS2013\icons\privfield.gif -&gt; D:\Data\Documents\AAU\MidiGremlin\Documentation\Working\Output\Website\icons\privfield.gif
D:\Program Files (x86)\EWSoftware\Sandcastle Help File Builder\PresentationStyles\VS2013\icons\privinterface.gif -&gt; D:\Data\Documents\AAU\MidiGremlin\Documentation\Working\Output\Website\icons\privinterface.gif
D:\Program Files (x86)\EWSoftware\Sandcastle Help File Builder\PresentationStyles\VS2013\icons\privmethod.gif -&gt; D:\Data\Documents\AAU\MidiGremlin\Documentation\Working\Output\Website\icons\privmethod.gif
D:\Program Files (x86)\EWSoftware\Sandcastle Help File Builder\PresentationStyles\VS2013\icons\privproperty.gif -&gt; D:\Data\Documents\AAU\MidiGremlin\Documentation\Working\Output\Website\icons\privproperty.gif
D:\Program Files (x86)\EWSoftware\Sandcastle Help File Builder\PresentationStyles\VS2013\icons\privstructure.gif -&gt; D:\Data\Documents\AAU\MidiGremlin\Documentation\Working\Output\Website\icons\privstructure.gif
D:\Program Files (x86)\EWSoftware\Sandcastle Help File Builder\PresentationStyles\VS2013\icons\protclass.gif -&gt; D:\Data\Documents\AAU\MidiGremlin\Documentation\Working\Output\Website\icons\protclass.gif
D:\Program Files (x86)\EWSoftware\Sandcastle Help File Builder\PresentationStyles\VS2013\icons\protdelegate.gif -&gt; D:\Data\Documents\AAU\MidiGremlin\Documentation\Working\Output\Website\icons\protdelegate.gif
D:\Program Files (x86)\EWSoftware\Sandcastle Help File Builder\PresentationStyles\VS2013\icons\protenumeration.gif -&gt; D:\Data\Documents\AAU\MidiGremlin\Documentation\Working\Output\Website\icons\protenumeration.gif
D:\Program Files (x86)\EWSoftware\Sandcastle Help File Builder\PresentationStyles\VS2013\icons\protevent.gif -&gt; D:\Data\Documents\AAU\MidiGremlin\Documentation\Working\Output\Website\icons\protevent.gif
D:\Program Files (x86)\EWSoftware\Sandcastle Help File Builder\PresentationStyles\VS2013\icons\protextension.gif -&gt; D:\Data\Documents\AAU\MidiGremlin\Documentation\Working\Output\Website\icons\protextension.gif
D:\Program Files (x86)\EWSoftware\Sandcastle Help File Builder\PresentationStyles\VS2013\icons\protfield.gif -&gt; D:\Data\Documents\AAU\MidiGremlin\Documentation\Working\Output\Website\icons\protfield.gif
D:\Program Files (x86)\EWSoftware\Sandcastle Help File Builder\PresentationStyles\VS2013\icons\protinterface.gif -&gt; D:\Data\Documents\AAU\MidiGremlin\Documentation\Working\Output\Website\icons\protinterface.gif
D:\Program Files (x86)\EWSoftware\Sandcastle Help File Builder\PresentationStyles\VS2013\icons\protmethod.gif -&gt; D:\Data\Documents\AAU\MidiGremlin\Documentation\Working\Output\Website\icons\protmethod.gif
D:\Program Files (x86)\EWSoftware\Sandcastle Help File Builder\PresentationStyles\VS2013\icons\protoperator.gif -&gt; D:\Data\Documents\AAU\MidiGremlin\Documentation\Working\Output\Website\icons\protoperator.gif
D:\Program Files (x86)\EWSoftware\Sandcastle Help File Builder\PresentationStyles\VS2013\icons\protproperty.gif -&gt; D:\Data\Documents\AAU\MidiGremlin\Documentation\Working\Output\Website\icons\protproperty.gif
D:\Program Files (x86)\EWSoftware\Sandcastle Help File Builder\PresentationStyles\VS2013\icons\protstructure.gif -&gt; D:\Data\Documents\AAU\MidiGremlin\Documentation\Working\Output\Website\icons\protstructure.gif
D:\Program Files (x86)\EWSoftware\Sandcastle Help File Builder\PresentationStyles\VS2013\icons\pubclass.gif -&gt; D:\Data\Documents\AAU\MidiGremlin\Documentation\Working\Output\Website\icons\pubclass.gif
D:\Program Files (x86)\EWSoftware\Sandcastle Help File Builder\PresentationStyles\VS2013\icons\pubdelegate.gif -&gt; D:\Data\Documents\AAU\MidiGremlin\Documentation\Working\Output\Website\icons\pubdelegate.gif
D:\Program Files (x86)\EWSoftware\Sandcastle Help File Builder\PresentationStyles\VS2013\icons\pubenumeration.gif -&gt; D:\Data\Documents\AAU\MidiGremlin\Documentation\Working\Output\Website\icons\pubenumeration.gif
D:\Program Files (x86)\EWSoftware\Sandcastle Help File Builder\PresentationStyles\VS2013\icons\pubevent.gif -&gt; D:\Data\Documents\AAU\MidiGremlin\Documentation\Working\Output\Website\icons\pubevent.gif
D:\Program Files (x86)\EWSoftware\Sandcastle Help File Builder\PresentationStyles\VS2013\icons\pubextension.gif -&gt; D:\Data\Documents\AAU\MidiGremlin\Documentation\Working\Output\Website\icons\pubextension.gif
D:\Program Files (x86)\EWSoftware\Sandcastle Help File Builder\PresentationStyles\VS2013\icons\pubfield.gif -&gt; D:\Data\Documents\AAU\MidiGremlin\Documentation\Working\Output\Website\icons\pubfield.gif
D:\Program Files (x86)\EWSoftware\Sandcastle Help File Builder\PresentationStyles\VS2013\icons\pubinterface.gif -&gt; D:\Data\Documents\AAU\MidiGremlin\Documentation\Working\Output\Website\icons\pubinterface.gif
D:\Program Files (x86)\EWSoftware\Sandcastle Help File Builder\PresentationStyles\VS2013\icons\pubmethod.gif -&gt; D:\Data\Documents\AAU\MidiGremlin\Documentation\Working\Output\Website\icons\pubmethod.gif
D:\Program Files (x86)\EWSoftware\Sandcastle Help File Builder\PresentationStyles\VS2013\icons\puboperator.gif -&gt; D:\Data\Documents\AAU\MidiGremlin\Documentation\Working\Output\Website\icons\puboperator.gif
D:\Program Files (x86)\EWSoftware\Sandcastle Help File Builder\PresentationStyles\VS2013\icons\pubproperty.gif -&gt; D:\Data\Documents\AAU\MidiGremlin\Documentation\Working\Output\Website\icons\pubproperty.gif
D:\Program Files (x86)\EWSoftware\Sandcastle Help File Builder\PresentationStyles\VS2013\icons\pubstructure.gif -&gt; D:\Data\Documents\AAU\MidiGremlin\Documentation\Working\Output\Website\icons\pubstructure.gif
D:\Program Files (x86)\EWSoftware\Sandcastle Help File Builder\PresentationStyles\VS2013\icons\SectionCollapsed.png -&gt; D:\Data\Documents\AAU\MidiGremlin\Documentation\Working\Output\Website\icons\SectionCollapsed.png
D:\Program Files (x86)\EWSoftware\Sandcastle Help File Builder\PresentationStyles\VS2013\icons\SectionExpanded.png -&gt; D:\Data\Documents\AAU\MidiGremlin\Documentation\Working\Output\Website\icons\SectionExpanded.png
D:\Program Files (x86)\EWSoftware\Sandcastle Help File Builder\PresentationStyles\VS2013\icons\slMobile.gif -&gt; D:\Data\Documents\AAU\MidiGremlin\Documentation\Working\Output\Website\icons\slMobile.gif
D:\Program Files (x86)\EWSoftware\Sandcastle Help File Builder\PresentationStyles\VS2013\icons\static.gif -&gt; D:\Data\Documents\AAU\MidiGremlin\Documentation\Working\Output\Website\icons\static.gif
D:\Program Files (x86)\EWSoftware\Sandcastle Help File Builder\PresentationStyles\VS2013\icons\xna.gif -&gt; D:\Data\Documents\AAU\MidiGremlin\Documentation\Working\Output\Website\icons\xna.gif
D:\Program Files (x86)\EWSoftware\Sandcastle Help File Builder\PresentationStyles\VS2013\scripts\branding.js -&gt; D:\Data\Documents\AAU\MidiGremlin\Documentation\Working\Output\Website\scripts\branding.js
D:\Program Files (x86)\EWSoftware\Sandcastle Help File Builder\PresentationStyles\VS2013\styles\branding-cs-CZ.css -&gt; D:\Data\Documents\AAU\MidiGremlin\Documentation\Working\Output\Website\styles\branding-cs-CZ.css
D:\Program Files (x86)\EWSoftware\Sandcastle Help File Builder\PresentationStyles\VS2013\styles\branding-de-DE.css -&gt; D:\Data\Documents\AAU\MidiGremlin\Documentation\Working\Output\Website\styles\branding-de-DE.css
D:\Program Files (x86)\EWSoftware\Sandcastle Help File Builder\PresentationStyles\VS2013\styles\branding-en-US.css -&gt; D:\Data\Documents\AAU\MidiGremlin\Documentation\Working\Output\Website\styles\branding-en-US.css
D:\Program Files (x86)\EWSoftware\Sandcastle Help File Builder\PresentationStyles\VS2013\styles\branding-es-ES.css -&gt; D:\Data\Documents\AAU\MidiGremlin\Documentation\Working\Output\Website\styles\branding-es-ES.css
D:\Program Files (x86)\EWSoftware\Sandcastle Help File Builder\PresentationStyles\VS2013\styles\branding-fr-FR.css -&gt; D:\Data\Documents\AAU\MidiGremlin\Documentation\Working\Output\Website\styles\branding-fr-FR.css
D:\Program Files (x86)\EWSoftware\Sandcastle Help File Builder\PresentationStyles\VS2013\styles\branding-Help1.css -&gt; D:\Data\Documents\AAU\MidiGremlin\Documentation\Working\Output\Website\styles\branding-Help1.css
D:\Program Files (x86)\EWSoftware\Sandcastle Help File Builder\PresentationStyles\VS2013\styles\branding-HelpViewer.css -&gt; D:\Data\Documents\AAU\MidiGremlin\Documentation\Working\Output\Website\styles\branding-HelpViewer.css
D:\Program Files (x86)\EWSoftware\Sandcastle Help File Builder\PresentationStyles\VS2013\styles\branding-it-IT.css -&gt; D:\Data\Documents\AAU\MidiGremlin\Documentation\Working\Output\Website\styles\branding-it-IT.css
D:\Program Files (x86)\EWSoftware\Sandcastle Help File Builder\PresentationStyles\VS2013\styles\branding-ja-JP.css -&gt; D:\Data\Documents\AAU\MidiGremlin\Documentation\Working\Output\Website\styles\branding-ja-JP.css
D:\Program Files (x86)\EWSoftware\Sandcastle Help File Builder\PresentationStyles\VS2013\styles\branding-ko-KR.css -&gt; D:\Data\Documents\AAU\MidiGremlin\Documentation\Working\Output\Website\styles\branding-ko-KR.css
D:\Program Files (x86)\EWSoftware\Sandcastle Help File Builder\PresentationStyles\VS2013\styles\branding-pl-PL.css -&gt; D:\Data\Documents\AAU\MidiGremlin\Documentation\Working\Output\Website\styles\branding-pl-PL.css
D:\Program Files (x86)\EWSoftware\Sandcastle Help File Builder\PresentationStyles\VS2013\styles\branding-pt-BR.css -&gt; D:\Data\Documents\AAU\MidiGremlin\Documentation\Working\Output\Website\styles\branding-pt-BR.css
D:\Program Files (x86)\EWSoftware\Sandcastle Help File Builder\PresentationStyles\VS2013\styles\branding-ru-RU.css -&gt; D:\Data\Documents\AAU\MidiGremlin\Documentation\Working\Output\Website\styles\branding-ru-RU.css
D:\Program Files (x86)\EWSoftware\Sandcastle Help File Builder\PresentationStyles\VS2013\styles\branding-tr-TR.css -&gt; D:\Data\Documents\AAU\MidiGremlin\Documentation\Working\Output\Website\styles\branding-tr-TR.css
D:\Program Files (x86)\EWSoftware\Sandcastle Help File Builder\PresentationStyles\VS2013\styles\branding-Website.css -&gt; D:\Data\Documents\AAU\MidiGremlin\Documentation\Working\Output\Website\styles\branding-Website.css
D:\Program Files (x86)\EWSoftware\Sandcastle Help File Builder\PresentationStyles\VS2013\styles\branding-zh-CN.css -&gt; D:\Data\Documents\AAU\MidiGremlin\Documentation\Working\Output\Website\styles\branding-zh-CN.css
D:\Program Files (x86)\EWSoftware\Sandcastle Help File Builder\PresentationStyles\VS2013\styles\branding-zh-TW.css -&gt; D:\Data\Documents\AAU\MidiGremlin\Documentation\Working\Output\Website\styles\branding-zh-TW.css
D:\Program Files (x86)\EWSoftware\Sandcastle Help File Builder\PresentationStyles\VS2013\styles\branding.css -&gt; D:\Data\Documents\AAU\MidiGremlin\Documentation\Working\Output\Website\styles\branding.css
D:\Program Files (x86)\EWSoftware\Sandcastle Help File Builder\PresentationStyles\VS2013\Web\index.html -&gt; D:\Data\Documents\AAU\MidiGremlin\Documentation\Working\Output\Website\index.html
D:\Program Files (x86)\EWSoftware\Sandcastle Help File Builder\PresentationStyles\VS2013\Web\search.html -&gt; D:\Data\Documents\AAU\MidiGremlin\Documentation\Working\Output\Website\search.html
D:\Program Files (x86)\EWSoftware\Sandcastle Help File Builder\PresentationStyles\VS2013\Web\SearchHelp.aspx -&gt; D:\Data\Documents\AAU\MidiGremlin\Documentation\Working\Output\Website\SearchHelp.aspx
D:\Program Files (x86)\EWSoftware\Sandcastle Help File Builder\PresentationStyles\VS2013\Web\SearchHelp.inc.php -&gt; D:\Data\Documents\AAU\MidiGremlin\Documentation\Working\Output\Website\SearchHelp.inc.php
D:\Program Files (x86)\EWSoftware\Sandcastle Help File Builder\PresentationStyles\VS2013\Web\SearchHelp.php -&gt; D:\Data\Documents\AAU\MidiGremlin\Documentation\Working\Output\Website\SearchHelp.php
D:\Program Files (x86)\EWSoftware\Sandcastle Help File Builder\PresentationStyles\VS2013\Web\Web.Config -&gt; D:\Data\Documents\AAU\MidiGremlin\Documentation\Working\Output\Website\Web.Config
D:\Program Files (x86)\EWSoftware\Sandcastle Help File Builder\PresentationStyles\VS2013\Web\icons\Search.png -&gt; D:\Data\Documents\AAU\MidiGremlin\Documentation\Working\Output\Website\icons\Search.png
D:\Program Files (x86)\EWSoftware\Sandcastle Help File Builder\PresentationStyles\VS2013\Web\icons\TocClose.gif -&gt; D:\Data\Documents\AAU\MidiGremlin\Documentation\Working\Output\Website\icons\TocClose.gif
D:\Program Files (x86)\EWSoftware\Sandcastle Help File Builder\PresentationStyles\VS2013\Web\icons\TocCollapsed.gif -&gt; D:\Data\Documents\AAU\MidiGremlin\Documentation\Working\Output\Website\icons\TocCollapsed.gif
D:\Program Files (x86)\EWSoftware\Sandcastle Help File Builder\PresentationStyles\VS2013\Web\icons\TocExpanded.gif -&gt; D:\Data\Documents\AAU\MidiGremlin\Documentation\Working\Output\Website\icons\TocExpanded.gif
D:\Program Files (x86)\EWSoftware\Sandcastle Help File Builder\PresentationStyles\VS2013\Web\icons\TocOpen.gif -&gt; D:\Data\Documents\AAU\MidiGremlin\Documentation\Working\Output\Website\icons\TocOpen.gif
D:\Program Files (x86)\EWSoftware\Sandcastle Help File Builder\PresentationStyles\VS2013\Web\scripts\branding-Website.js -&gt; D:\Data\Documents\AAU\MidiGremlin\Documentation\Working\Output\Website\scripts\branding-Website.js
D:\Program Files (x86)\EWSoftware\Sandcastle Help File Builder\PresentationStyles\VS2013\Web\scripts\jquery-1.11.0.min.js -&gt; D:\Data\Documents\AAU\MidiGremlin\Documentation\Working\Output\Website\scripts\jquery-1.11.0.min.js
    Last step completed in 00:00:00.1707
</buildStep>
<buildStep step="GenerateHelpFormatTableOfContents">
Generating website table of contents file...
    Last step completed in 00:00:00.0000
</buildStep>
<buildStep step="GenerateFullTextIndex">
Generating full-text index for the website...

<plugIn name="Lightweight Website Style" behavior="After" priority="1000">
Adding lightweight search and TOC elements to each topic...
</plugIn>    Last step completed in 00:00:01.1851
</buildStep>
<buildStep step="CopyingWebsiteFiles">
Copying website files to output folder...

Copied 327 files for the website content
    Last step completed in 00:00:00.5633
</buildStep>
<buildStep step="CleanIntermediates">
Removing intermediate files...
    Last step completed in 00:00:00.1292
</buildStep>
<buildStep step="Completed">

Build completed successfully at 29/04/2016 09:56:54.  Total time: 00:00:17.8713

</buildStep>
</shfbBuild>
